GROMACS:    gmx mdrun, VERSION 5.0.1

GROMACS is written by:
Emile Apol         Rossen Apostolov   Herman J.C. Berendsen Par Bjelkmar       
Aldert van Buuren  Rudi van Drunen    Anton Feenstra     Sebastian Fritsch  
Gerrit Groenhof    Christoph Junghans Peter Kasson       Carsten Kutzner    
Per Larsson        Justin A. Lemkul   Magnus Lundborg    Pieter Meulenhoff  
Erik Marklund      Teemu Murtola      Szilard Pall       Sander Pronk       
Roland Schulz      Alexey Shvetsov    Michael Shirts     Alfons Sijbers     
Peter Tieleman     Christian Wennberg Maarten Wolf       
and the project leaders:
Mark Abraham, Berk Hess, Erik Lindahl, and David van der Spoel

Copyright (c) 1991-2000, University of Groningen, The Netherlands.
Copyright (c) 2001-2014, The GROMACS development team at
Uppsala University, Stockholm University and
the Royal Institute of Technology, Sweden.
check out http://www.gromacs.org for more information.

GROMACS is free software; you can redistribute it and/or modify it
under the terms of the GNU Lesser General Public License
as published by the Free Software Foundation; either version 2.1
of the License, or (at your option) any later version.

GROMACS:      gmx mdrun, VERSION 5.0.1
Executable:   /usr/local/gromacs/bin/gmx
Library dir:  /usr/local/gromacs/share/gromacs/top
Command line:
  gmx mdrun -v -deffnm em4c56 -nb cpu


Back Off! I just backed up em4c56.log to ./#em4c56.log.1#
Reading file em4c56.tpr, VERSION 5.0.1 (single precision)
Using 1 MPI thread
Using 4 OpenMP threads 

Back Off! I just backed up em4c56.trr to ./#em4c56.trr.1#

Back Off! I just backed up em4c56.edr to ./#em4c56.edr.1#

Steepest Descents:
   Tolerance (Fmax)   =  1.00000e+03
   Number of steps    =            1

WARNING: Listed nonbonded interaction between particles 40 and 45
at distance 3.634 which is larger than the table limit 2.000 nm.

This is likely either a 1,4 interaction, or a listed interaction inside
a smaller molecule you are decoupling during a free energy calculation.
Since interactions at distances beyond the table cannot be computed,
they are skipped until they are inside the table limit again. You will
only see this message once, even if it occurs for several interactions.

IMPORTANT: This should not happen in a stable simulation, so there is
probably something wrong with your system. Only change the table-extension
distance in the mdp file if you are really sure that is the reason.



WARNING: Listed nonbonded interaction between particles 235 and 240
at distance 3.214 which is larger than the table limit 2.000 nm.

This is likely either a 1,4 interaction, or a listed interaction inside
a smaller molecule you are decoupling during a free energy calculation.
Since interactions at distances beyond the table cannot be computed,
they are skipped until they are inside the table limit again. You will
only see this message once, even if it occurs for several interactions.

IMPORTANT: This should not happen in a stable simulation, so there is
probably something wrong with your system. Only change the table-extension
distance in the mdp file if you are really sure that is the reason.


Step=    0, Dmax= 1.0e-02 nm, Epot=         -nan Fmax= 2.16965e+06, atom= 113